{"name": "test_registration_with_existing_data[firefox]", "status": "failed", "statusDetails": {"message": "AssertionError: Locator expected to have text 'Имя пользователя уже занято'\nActual value: <element(s) not found> \nCall log:\nLocatorAssertions.to_have_text with timeout 5000ms\n  - waiting for get_by_text(\"Имя пользователя уже занято\")", "trace": "create_account_page = <pages.create_account_page.CreateAccount object at 0x000002C85B6D5BE0>\n\n    @allure.step(\"Регистрация с уже существующими данными\")\n    @pytest.mark.negative\n    def test_registration_with_existing_data(create_account_page):\n        create_account_page.open()\n        create_account_page.field_incorrect_user_name('test_user11')\n        create_account_page.field_incorrect_email(' ')\n>       create_account_page.check_user_nam_error_message('Имя пользователя уже занято')\n\ntests\\test_create_account_page.py:96: \n_ _ _ _ _ _ _ _ _ _ _ _ _ _ _ _ _ _ _ _ _ _ _ _ _ _ _ _ _ _ _ _ _ _ _ _ _ _ _ _ _ _ _ _ _ _ _ _ _ _ _ _ _ _ _ _ _ _ _ _ _ _ _ _ _ _ _ _ _ _ _ _ _ _ _ _ _ _ _ _ _ _ _ _ _ _ _ _ _ \n\nself = <pages.create_account_page.CreateAccount object at 0x000002C85B6D5BE0>, text = 'Имя пользователя уже занято'\n\n    def check_user_nam_error_message(self, text):\n>       expect(self.page.get_by_text(loc.messag_error_loc)).to_have_text(text)\nE       AssertionError: Locator expected to have text 'Имя пользователя уже занято'\nE       Actual value: <element(s) not found> \nE       Call log:\nE       LocatorAssertions.to_have_text with timeout 5000ms\nE         - waiting for get_by_text(\"Имя пользователя уже занято\")\n\npages\\create_account_page.py:30: AssertionError"}, "steps": [{"name": "Регистрация с уже существующими данными", "status": "failed", "statusDetails": {"message": "AssertionError: Locator expected to have text 'Имя пользователя уже занято'\nActual value: <element(s) not found> \nCall log:\nLocatorAssertions.to_have_text with timeout 5000ms\n  - waiting for get_by_text(\"Имя пользователя уже занято\")\n\n", "trace": "  File \"C:\\Users\\PC\\AppData\\Local\\Programs\\Python\\Python312\\Lib\\site-packages\\allure_commons\\_allure.py\", line 192, in impl\n    return func(*a, **kw)\n           ^^^^^^^^^^^^^^\n  File \"C:\\Users\\PC\\PycharmProjects\\Kashelek.ru\\tests\\test_create_account_page.py\", line 96, in test_registration_with_existing_data\n    create_account_page.check_user_nam_error_message('Имя пользователя уже занято')\n  File \"C:\\Users\\PC\\PycharmProjects\\Kashelek.ru\\pages\\create_account_page.py\", line 30, in check_user_nam_error_message\n    expect(self.page.get_by_text(loc.messag_error_loc)).to_have_text(text)\n  File \"C:\\Users\\PC\\AppData\\Local\\Programs\\Python\\Python312\\Lib\\site-packages\\playwright\\sync_api\\_generated.py\", line 19324, in to_have_text\n    self._sync(\n  File \"C:\\Users\\PC\\AppData\\Local\\Programs\\Python\\Python312\\Lib\\site-packages\\playwright\\_impl\\_sync_base.py\", line 115, in _sync\n    return task.result()\n           ^^^^^^^^^^^^^\n  File \"C:\\Users\\PC\\AppData\\Local\\Programs\\Python\\Python312\\Lib\\site-packages\\playwright\\_impl\\_assertions.py\", line 481, in to_have_text\n    await self._expect_impl(\n  File \"C:\\Users\\PC\\AppData\\Local\\Programs\\Python\\Python312\\Lib\\site-packages\\playwright\\_impl\\_assertions.py\", line 74, in _expect_impl\n    raise AssertionError(\n"}, "steps": [{"name": "open page", "status": "passed", "start": 1732861090477, "stop": 1732861092004}], "parameters": [{"name": "create_account_page", "value": "<pages.create_account_page.CreateAccount object at 0x000002C85B6D5BE0>"}], "start": 1732861090477, "stop": 1732861102505}], "parameters": [{"name": "browser_name", "value": "'firefox'"}], "start": 1732861090477, "stop": 1732861102506, "uuid": "ba187ea9-5201-4d90-95e3-e91922995630", "historyId": "5f2b2b7fc2e0411f8fbf897bd8c74bd8", "testCaseId": "d09b9f6cf4e63bc6e4e09e8376f450af", "fullName": "tests.test_create_account_page#test_registration_with_existing_data", "labels": [{"name": "tag", "value": "negative"}, {"name": "parentSuite", "value": "tests"}, {"name": "suite", "value": "test_create_account_page"}, {"name": "host", "value": "XXX"}, {"name": "thread", "value": "17240-MainThread"}, {"name": "framework", "value": "pytest"}, {"name": "language", "value": "cpython3"}, {"name": "package", "value": "tests.test_create_account_page"}]}